[17/05/24 10:33:16.914][ INFO][com.util.Util                      -72   ] - Util() start
[17/05/24 10:33:16.920][ INFO][com.util.Util                      -76   ] - Util - YourProjectName version: v1.0.0
[17/05/24 10:33:16.920][ INFO][com.util.Util                      -77   ] - Util() end
[17/05/24 10:33:17.729][ INFO][com.spring.StartApplication        -30   ] - Util.getVersion(): 
[17/05/24 10:36:44.550][ INFO][com.spring.StartListener           -31   ] - contextInitialized Start###################
[17/05/24 10:36:44.555][ INFO][com.spring.StartListener           -38   ] - SpringContextHolder is org.springframework.boot.context.embedded.AnnotationConfigEmbeddedWebApplicationContext@6c9f5c0d: startup date [Wed May 24 10:36:41 CST 2017]; root of context hierarchy
[17/05/24 10:36:44.557][ INFO][com.spring.StartListener           -41   ] - contextInitialized End###################
[17/05/24 10:36:44.625][ INFO][com.util.Util                      -72   ] - Util() start
[17/05/24 10:36:44.626][ INFO][com.util.Util                      -76   ] - Util - YourProjectName version: v1.0.0
[17/05/24 10:36:44.626][ INFO][com.util.Util                      -77   ] - Util() end
[17/05/24 10:44:17.717][ INFO][com.spring.StartListener           -31   ] - contextInitialized Start###################
[17/05/24 10:44:17.722][ INFO][com.spring.StartListener           -38   ] - SpringContextHolder is org.springframework.boot.context.embedded.AnnotationConfigEmbeddedWebApplicationContext@6c9f5c0d: startup date [Wed May 24 10:44:15 CST 2017]; root of context hierarchy
[17/05/24 10:44:17.722][ INFO][com.spring.StartListener           -41   ] - contextInitialized End###################
[17/05/24 10:44:17.785][ INFO][com.util.Util                      -72   ] - Util() start
[17/05/24 10:44:17.786][ INFO][com.util.Util                      -76   ] - Util - YourProjectName version: v1.0.0
[17/05/24 10:44:17.786][ INFO][com.util.Util                      -77   ] - Util() end
[17/05/24 11:05:09.055][ INFO][com.spring.StartListener           -31   ] - contextInitialized Start###################
[17/05/24 11:05:09.060][ INFO][com.spring.StartListener           -38   ] - SpringContextHolder is org.springframework.boot.context.embedded.AnnotationConfigEmbeddedWebApplicationContext@6c9f5c0d: startup date [Wed May 24 11:05:06 CST 2017]; root of context hierarchy
[17/05/24 11:05:09.060][ INFO][com.spring.StartListener           -41   ] - contextInitialized End###################
[17/05/24 11:05:09.142][ INFO][com.util.Util                      -72   ] - Util() start
[17/05/24 11:05:09.145][ INFO][com.util.Util                      -76   ] - Util - YourProjectName version: v1.0.0
[17/05/24 11:05:09.145][ INFO][com.util.Util                      -77   ] - Util() end
[17/05/24 11:10:04.139][ INFO][com.spring.StartListener           -31   ] - contextInitialized Start###################
[17/05/24 11:10:04.145][ INFO][com.spring.StartListener           -38   ] - SpringContextHolder is org.springframework.boot.context.embedded.AnnotationConfigEmbeddedWebApplicationContext@6c9f5c0d: startup date [Wed May 24 11:10:01 CST 2017]; root of context hierarchy
[17/05/24 11:10:04.146][ INFO][com.spring.StartListener           -41   ] - contextInitialized End###################
[17/05/24 11:10:04.218][ INFO][com.util.Util                      -72   ] - Util() start
[17/05/24 11:10:04.218][ INFO][com.util.Util                      -76   ] - Util - YourProjectName version: v1.0.0
[17/05/24 11:10:04.218][ INFO][com.util.Util                      -77   ] - Util() end
[17/05/24 11:10:22.946][ INFO][com.spring.StartListener           -31   ] - contextInitialized Start###################
[17/05/24 11:10:22.951][ INFO][com.spring.StartListener           -38   ] - SpringContextHolder is org.springframework.boot.context.embedded.AnnotationConfigEmbeddedWebApplicationContext@6c9f5c0d: startup date [Wed May 24 11:10:19 CST 2017]; root of context hierarchy
[17/05/24 11:10:22.951][ INFO][com.spring.StartListener           -41   ] - contextInitialized End###################
[17/05/24 11:10:23.026][ INFO][com.util.Util                      -72   ] - Util() start
[17/05/24 11:10:23.027][ INFO][com.util.Util                      -76   ] - Util - YourProjectName version: v1.0.0
[17/05/24 11:10:23.027][ INFO][com.util.Util                      -77   ] - Util() end
[17/05/24 11:12:50.018][ INFO][com.spring.StartListener           -31   ] - contextInitialized Start###################
[17/05/24 11:12:50.024][ INFO][com.spring.StartListener           -38   ] - SpringContextHolder is org.springframework.boot.context.embedded.AnnotationConfigEmbeddedWebApplicationContext@6c9f5c0d: startup date [Wed May 24 11:12:47 CST 2017]; root of context hierarchy
[17/05/24 11:12:50.025][ INFO][com.spring.StartListener           -41   ] - contextInitialized End###################
[17/05/24 11:12:50.112][ INFO][com.util.Util                      -72   ] - Util() start
[17/05/24 11:12:50.113][ INFO][com.util.Util                      -76   ] - Util - YourProjectName version: v1.0.0
[17/05/24 11:12:50.113][ INFO][com.util.Util                      -77   ] - Util() end
[17/05/24 11:13:42.732][ INFO][com.spring.StartListener           -31   ] - contextInitialized Start###################
[17/05/24 11:13:42.739][ INFO][com.spring.StartListener           -38   ] - SpringContextHolder is org.springframework.boot.context.embedded.AnnotationConfigEmbeddedWebApplicationContext@6c9f5c0d: startup date [Wed May 24 11:13:40 CST 2017]; root of context hierarchy
[17/05/24 11:13:42.740][ INFO][com.spring.StartListener           -41   ] - contextInitialized End###################
[17/05/24 11:13:42.815][ INFO][com.util.Util                      -72   ] - Util() start
[17/05/24 11:13:42.816][ INFO][com.util.Util                      -76   ] - Util - YourProjectName version: v1.0.0
[17/05/24 11:13:42.816][ INFO][com.util.Util                      -77   ] - Util() end
[17/05/24 11:15:52.729][ INFO][com.spring.StartListener           -31   ] - contextInitialized Start###################
[17/05/24 11:15:52.733][ INFO][com.spring.StartListener           -38   ] - SpringContextHolder is org.springframework.boot.context.embedded.AnnotationConfigEmbeddedWebApplicationContext@530612ba: startup date [Wed May 24 11:15:49 CST 2017]; root of context hierarchy
[17/05/24 11:15:52.734][ INFO][com.spring.StartListener           -41   ] - contextInitialized End###################
[17/05/24 11:15:52.796][ INFO][com.util.Util                      -72   ] - Util() start
[17/05/24 11:15:52.796][ INFO][com.util.Util                      -76   ] - Util - YourProjectName version: v1.0.0
[17/05/24 11:15:52.796][ INFO][com.util.Util                      -77   ] - Util() end
[17/05/24 11:18:55.234][ INFO][com.spring.StartListener           -31   ] - contextInitialized Start###################
[17/05/24 11:18:55.239][ INFO][com.spring.StartListener           -38   ] - SpringContextHolder is org.springframework.boot.context.embedded.AnnotationConfigEmbeddedWebApplicationContext@530612ba: startup date [Wed May 24 11:18:52 CST 2017]; root of context hierarchy
[17/05/24 11:18:55.240][ INFO][com.spring.StartListener           -41   ] - contextInitialized End###################
[17/05/24 11:18:55.292][ INFO][com.util.Util                      -72   ] - Util() start
[17/05/24 11:18:55.292][ INFO][com.util.Util                      -76   ] - Util - YourProjectName version: v1.0.0
[17/05/24 11:18:55.292][ INFO][com.util.Util                      -77   ] - Util() end
[17/06/15 21:28:09.050][ INFO][com.util.Util                      -72   ] - Util() start
[17/06/15 21:28:09.054][ INFO][com.util.Util                      -76   ] - Util - YourProjectName version: v1.0.0
[17/06/15 21:28:09.055][ INFO][com.util.Util                      -77   ] - Util() end
[17/06/15 21:29:15.557][ INFO][com.util.Util                      -72   ] - Util() start
[17/06/15 21:29:15.560][ INFO][com.util.Util                      -76   ] - Util - YourProjectName version: v1.0.0
[17/06/15 21:29:15.561][ INFO][com.util.Util                      -77   ] - Util() end
[17/06/15 21:30:06.831][ INFO][com.util.Util                      -72   ] - Util() start
[17/06/15 21:30:06.836][ INFO][com.util.Util                      -76   ] - Util - YourProjectName version: v1.0.0
[17/06/15 21:30:06.836][ INFO][com.util.Util                      -77   ] - Util() end
[17/06/15 21:30:07.726][ INFO][com.bean.ApplicationListenerBean   -16   ] - ContextRefreshedEvent start ###################
[17/06/15 21:30:07.726][ INFO][com.bean.ApplicationListenerBean   -19   ] - ContextRefreshedEvent end ###################
[17/06/15 21:31:54.006][ INFO][com.util.Util                      -61   ] - Util() start
[17/06/15 21:31:54.011][ INFO][com.util.Util                      -65   ] - Util - YourProjectName version: v1.0.0
[17/06/15 21:31:54.011][ INFO][com.util.Util                      -66   ] - Util() end
[17/06/15 21:31:54.655][ INFO][com.bean.ApplicationListenerBean   -16   ] - ContextRefreshedEvent start ###################
[17/06/15 21:31:54.655][ INFO][com.bean.ApplicationListenerBean   -19   ] - ContextRefreshedEvent end ###################
[17/06/15 21:39:06.216][ INFO][com.util.Util                      -48   ] - Util() start
[17/06/15 21:39:06.220][ INFO][com.util.Util                      -52   ] - Util - YourProjectName version: v1.0.0
[17/06/15 21:39:06.220][ INFO][com.util.Util                      -53   ] - Util() end
[17/06/15 21:39:48.460][ INFO][com.util.Util                      -49   ] - Util() start
[17/06/15 21:39:48.467][ INFO][com.util.Util                      -53   ] - Util - YourProjectName version: v1.0.0
[17/06/15 21:39:48.467][ INFO][com.util.Util                      -54   ] - Util() end
[17/06/15 21:39:49.548][ INFO][com.bean.ApplicationListenerBean   -16   ] - ContextRefreshedEvent start ###################
[17/06/15 21:39:49.549][ INFO][com.bean.ApplicationListenerBean   -19   ] - ContextRefreshedEvent end ###################
[17/06/15 21:43:13.138][ INFO][com.util.Util                      -49   ] - Util() start
[17/06/15 21:43:13.144][ INFO][com.util.Util                      -53   ] - Util - YourProjectName version: v1.0.0
[17/06/15 21:43:13.145][ INFO][com.util.Util                      -54   ] - Util() end
[17/06/15 21:43:13.706][ INFO][com.bean.ApplicationListenerBean   -16   ] - ContextRefreshedEvent start ###################
[17/06/15 21:43:13.706][ INFO][com.bean.ApplicationListenerBean   -19   ] - ContextRefreshedEvent end ###################
[17/06/15 21:43:13.785][ INFO][com.bean.ApplicationListenerBean   -24   ] - ContextClosedEvent start ###################
[17/06/15 21:43:13.785][ INFO][com.bean.ApplicationListenerBean   -27   ] - ContextClosedEvent end ###################
[17/06/15 21:43:32.866][ INFO][com.util.Util                      -49   ] - Util() start
[17/06/15 21:43:32.870][ INFO][com.util.Util                      -53   ] - Util - YourProjectName version: v1.0.0
[17/06/15 21:43:32.871][ INFO][com.util.Util                      -54   ] - Util() end
[17/06/15 21:43:33.575][ INFO][com.bean.ApplicationListenerBean   -16   ] - ContextRefreshedEvent start ###################
[17/06/15 21:43:33.576][ INFO][com.bean.ApplicationListenerBean   -19   ] - ContextRefreshedEvent end ###################
[17/06/15 21:48:36.785][ INFO][com.util.Util                      -49   ] - Util() start
[17/06/15 21:48:36.793][ INFO][com.util.Util                      -53   ] - Util - YourProjectName version: v1.0.0
[17/06/15 21:48:36.793][ INFO][com.util.Util                      -54   ] - Util() end
[17/06/15 21:48:37.436][ INFO][com.bean.ApplicationListenerBean   -16   ] - ContextRefreshedEvent start ###################
[17/06/15 21:48:37.437][ INFO][com.bean.ApplicationListenerBean   -19   ] - ContextRefreshedEvent end ###################
[17/06/15 21:54:37.190][ INFO][com.util.Util                      -49   ] - Util() start
[17/06/15 21:54:37.195][ INFO][com.util.Util                      -53   ] - Util - YourProjectName version: v1.0.0
[17/06/15 21:54:37.195][ INFO][com.util.Util                      -54   ] - Util() end
[17/06/15 21:54:37.840][ INFO][com.bean.ApplicationListenerBean   -16   ] - ContextRefreshedEvent start ###################
[17/06/15 21:54:37.840][ INFO][com.bean.ApplicationListenerBean   -19   ] - ContextRefreshedEvent end ###################
[17/06/15 21:55:34.815][ INFO][com.util.Util                      -49   ] - Util() start
[17/06/15 21:55:34.833][ INFO][com.util.Util                      -53   ] - Util - YourProjectName version: v1.0.0
[17/06/15 21:55:34.834][ INFO][com.util.Util                      -54   ] - Util() end
[17/06/15 21:55:35.398][ INFO][com.bean.ApplicationListenerBean   -16   ] - ContextRefreshedEvent start ###################
[17/06/15 21:55:35.398][ INFO][com.bean.ApplicationListenerBean   -19   ] - ContextRefreshedEvent end ###################
[17/06/15 21:56:51.538][ INFO][com.util.Util                      -49   ] - Util() start
[17/06/15 21:56:51.544][ INFO][com.util.Util                      -53   ] - Util - YourProjectName version: v1.0.0
[17/06/15 21:56:51.544][ INFO][com.util.Util                      -54   ] - Util() end
[17/06/15 21:56:52.229][ INFO][com.bean.ApplicationListenerBean   -16   ] - ContextRefreshedEvent start ###################
[17/06/15 21:56:52.229][ INFO][com.bean.ApplicationListenerBean   -19   ] - ContextRefreshedEvent end ###################
[17/06/15 21:57:53.836][ INFO][com.util.Util                      -49   ] - Util() start
[17/06/15 21:57:53.842][ INFO][com.util.Util                      -53   ] - Util - YourProjectName version: v1.0.0
[17/06/15 21:57:53.842][ INFO][com.util.Util                      -54   ] - Util() end
[17/06/15 21:57:54.426][ INFO][com.bean.ApplicationListenerBean   -16   ] - ContextRefreshedEvent start ###################
[17/06/15 21:57:54.426][ INFO][com.bean.ApplicationListenerBean   -19   ] - ContextRefreshedEvent end ###################
[17/06/15 21:58:49.704][ INFO][com.util.Util                      -49   ] - Util() start
[17/06/15 21:58:49.709][ INFO][com.util.Util                      -53   ] - Util - YourProjectName version: v1.0.0
[17/06/15 21:58:49.710][ INFO][com.util.Util                      -54   ] - Util() end
[17/06/15 21:58:50.311][ INFO][com.bean.ApplicationListenerBean   -16   ] - ContextRefreshedEvent start ###################
[17/06/15 21:58:50.311][ INFO][com.bean.ApplicationListenerBean   -19   ] - ContextRefreshedEvent end ###################
[17/06/15 22:01:00.188][ INFO][com.util.Util                      -49   ] - Util() start
[17/06/15 22:01:00.191][ INFO][com.util.Util                      -53   ] - Util - YourProjectName version: v1.0.0
[17/06/15 22:01:00.192][ INFO][com.util.Util                      -54   ] - Util() end
[17/06/15 22:01:00.759][ INFO][com.bean.ApplicationListenerBean   -16   ] - ContextRefreshedEvent start ###################
[17/06/15 22:01:00.759][ INFO][com.bean.ApplicationListenerBean   -19   ] - ContextRefreshedEvent end ###################
[17/06/15 22:02:11.919][ INFO][com.util.Util                      -49   ] - Util() start
[17/06/15 22:02:11.923][ INFO][com.util.Util                      -53   ] - Util - YourProjectName version: v1.0.0
[17/06/15 22:02:11.923][ INFO][com.util.Util                      -54   ] - Util() end
[17/06/15 22:02:20.950][ INFO][com.util.Util                      -49   ] - Util() start
[17/06/15 22:02:20.955][ INFO][com.util.Util                      -53   ] - Util - YourProjectName version: v1.0.0
[17/06/15 22:02:20.955][ INFO][com.util.Util                      -54   ] - Util() end
[17/06/15 22:02:21.566][ INFO][com.bean.ApplicationListenerBean   -16   ] - ContextRefreshedEvent start ###################
[17/06/15 22:02:21.566][ INFO][com.bean.ApplicationListenerBean   -19   ] - ContextRefreshedEvent end ###################
[17/06/15 22:02:59.891][ INFO][com.util.Util                      -49   ] - Util() start
[17/06/15 22:02:59.896][ INFO][com.util.Util                      -53   ] - Util - YourProjectName version: v1.0.0
[17/06/15 22:02:59.896][ INFO][com.util.Util                      -54   ] - Util() end
[17/06/15 22:03:00.497][ INFO][com.bean.ApplicationListenerBean   -16   ] - ContextRefreshedEvent start ###################
[17/06/15 22:03:00.498][ INFO][com.bean.ApplicationListenerBean   -19   ] - ContextRefreshedEvent end ###################
[17/06/15 22:03:32.878][ INFO][com.util.Util                      -49   ] - Util() start
[17/06/15 22:03:32.883][ INFO][com.util.Util                      -53   ] - Util - YourProjectName version: v1.0.0
[17/06/15 22:03:32.883][ INFO][com.util.Util                      -54   ] - Util() end
[17/06/15 22:03:33.492][ INFO][com.bean.ApplicationListenerBean   -16   ] - ContextRefreshedEvent start ###################
[17/06/15 22:03:33.493][ INFO][com.bean.ApplicationListenerBean   -19   ] - ContextRefreshedEvent end ###################
[17/06/15 22:04:00.533][ INFO][com.util.Util                      -49   ] - Util() start
[17/06/15 22:04:00.539][ INFO][com.util.Util                      -53   ] - Util - YourProjectName version: v1.0.0
[17/06/15 22:04:00.539][ INFO][com.util.Util                      -54   ] - Util() end
[17/06/15 22:04:01.157][ INFO][com.bean.ApplicationListenerBean   -16   ] - ContextRefreshedEvent start ###################
[17/06/15 22:04:01.158][ INFO][com.bean.ApplicationListenerBean   -19   ] - ContextRefreshedEvent end ###################
[17/06/15 22:07:20.470][ INFO][com.util.Util                      -49   ] - Util() start
[17/06/15 22:07:20.477][ INFO][com.util.Util                      -53   ] - Util - YourProjectName version: v1.0.0
[17/06/15 22:07:20.477][ INFO][com.util.Util                      -54   ] - Util() end
[17/06/15 22:07:21.100][ INFO][com.bean.ApplicationListenerBean   -16   ] - ContextRefreshedEvent start ###################
[17/06/15 22:07:21.101][ INFO][com.bean.ApplicationListenerBean   -19   ] - ContextRefreshedEvent end ###################
[17/06/15 22:10:15.980][ INFO][com.util.Util                      -49   ] - Util() start
[17/06/15 22:10:15.984][ INFO][com.util.Util                      -53   ] - Util - YourProjectName version: v1.0.0
[17/06/15 22:10:15.985][ INFO][com.util.Util                      -54   ] - Util() end
[17/06/15 22:10:16.650][ INFO][com.bean.ApplicationListenerBean   -16   ] - ContextRefreshedEvent start ###################
[17/06/15 22:10:16.650][ INFO][com.bean.ApplicationListenerBean   -19   ] - ContextRefreshedEvent end ###################
[17/06/15 22:20:04.857][ INFO][com.util.Util                      -49   ] - Util() start
[17/06/15 22:20:04.867][ INFO][com.util.Util                      -53   ] - Util - YourProjectName version: v1.0.0
[17/06/15 22:20:04.867][ INFO][com.util.Util                      -54   ] - Util() end
[17/06/15 22:20:05.944][ INFO][com.bean.ApplicationListenerBean   -16   ] - ContextRefreshedEvent start ###################
[17/06/15 22:20:05.944][ INFO][com.bean.ApplicationListenerBean   -19   ] - ContextRefreshedEvent end ###################
[17/06/15 22:20:06.073][ INFO][com.bean.ApplicationListenerBean   -24   ] - ContextClosedEvent start ###################
[17/06/15 22:20:06.073][ INFO][com.bean.ApplicationListenerBean   -27   ] - ContextClosedEvent end ###################
[17/06/15 22:22:33.435][ INFO][com.util.Util                      -49   ] - Util() start
[17/06/15 22:22:33.439][ INFO][com.util.Util                      -53   ] - Util - YourProjectName version: v1.0.0
[17/06/15 22:22:33.439][ INFO][com.util.Util                      -54   ] - Util() end
[17/06/15 22:22:34.322][ INFO][com.bean.ApplicationListenerBean   -16   ] - ContextRefreshedEvent start ###################
[17/06/15 22:22:34.323][ INFO][com.bean.ApplicationListenerBean   -19   ] - ContextRefreshedEvent end ###################
[17/06/15 22:22:34.524][ INFO][com.bean.ApplicationListenerBean   -24   ] - ContextClosedEvent start ###################
[17/06/15 22:22:34.525][ INFO][com.bean.ApplicationListenerBean   -27   ] - ContextClosedEvent end ###################
[17/06/15 22:23:04.752][ INFO][com.util.Util                      -49   ] - Util() start
[17/06/15 22:23:04.757][ INFO][com.util.Util                      -53   ] - Util - YourProjectName version: v1.0.0
[17/06/15 22:23:04.758][ INFO][com.util.Util                      -54   ] - Util() end
[17/06/15 22:23:05.410][ INFO][com.bean.ApplicationListenerBean   -16   ] - ContextRefreshedEvent start ###################
[17/06/15 22:23:05.411][ INFO][com.bean.ApplicationListenerBean   -19   ] - ContextRefreshedEvent end ###################
[17/06/15 22:23:05.522][ INFO][com.bean.ApplicationListenerBean   -24   ] - ContextClosedEvent start ###################
[17/06/15 22:23:05.523][ INFO][com.bean.ApplicationListenerBean   -27   ] - ContextClosedEvent end ###################
[17/06/15 22:23:13.806][ INFO][com.util.Util                      -49   ] - Util() start
[17/06/15 22:23:13.809][ INFO][com.util.Util                      -53   ] - Util - YourProjectName version: v1.0.0
[17/06/15 22:23:13.810][ INFO][com.util.Util                      -54   ] - Util() end
[17/06/15 22:23:14.359][ INFO][com.bean.ApplicationListenerBean   -16   ] - ContextRefreshedEvent start ###################
[17/06/15 22:23:14.359][ INFO][com.bean.ApplicationListenerBean   -19   ] - ContextRefreshedEvent end ###################
[17/06/15 22:35:14.917][ INFO][com.util.Util                      -49   ] - Util() start
[17/06/15 22:35:14.924][ INFO][com.util.Util                      -53   ] - Util - YourProjectName version: v1.0.0
[17/06/15 22:35:14.924][ INFO][com.util.Util                      -54   ] - Util() end
[17/06/15 22:35:15.572][ INFO][com.bean.ApplicationListenerBean   -16   ] - ContextRefreshedEvent start ###################
[17/06/15 22:35:15.572][ INFO][com.bean.ApplicationListenerBean   -19   ] - ContextRefreshedEvent end ###################
[17/06/15 22:36:54.311][ INFO][com.util.Util                      -49   ] - Util() start
[17/06/15 22:36:54.316][ INFO][com.util.Util                      -53   ] - Util - YourProjectName version: v1.0.0
[17/06/15 22:36:54.317][ INFO][com.util.Util                      -54   ] - Util() end
[17/06/15 22:36:55.007][ INFO][com.bean.ApplicationListenerBean   -16   ] - ContextRefreshedEvent start ###################
[17/06/15 22:36:55.007][ INFO][com.bean.ApplicationListenerBean   -19   ] - ContextRefreshedEvent end ###################
[17/06/15 22:43:08.101][ INFO][com.util.Util                      -49   ] - Util() start
[17/06/15 22:43:08.105][ INFO][com.util.Util                      -53   ] - Util - YourProjectName version: v1.0.0
[17/06/15 22:43:08.105][ INFO][com.util.Util                      -54   ] - Util() end
[17/06/15 22:43:08.645][ INFO][com.bean.ApplicationListenerBean   -16   ] - ContextRefreshedEvent start ###################
[17/06/15 22:43:08.646][ INFO][com.bean.ApplicationListenerBean   -19   ] - ContextRefreshedEvent end ###################
[17/06/15 22:44:03.227][ INFO][com.util.Util                      -49   ] - Util() start
[17/06/15 22:44:03.230][ INFO][com.util.Util                      -53   ] - Util - YourProjectName version: v1.0.0
[17/06/15 22:44:03.231][ INFO][com.util.Util                      -54   ] - Util() end
[17/06/15 22:44:03.928][ INFO][com.bean.ApplicationListenerBean   -16   ] - ContextRefreshedEvent start ###################
[17/06/15 22:44:03.929][ INFO][com.bean.ApplicationListenerBean   -19   ] - ContextRefreshedEvent end ###################
[17/06/15 22:49:13.556][ INFO][com.util.Util                      -49   ] - Util() start
[17/06/15 22:49:13.562][ INFO][com.util.Util                      -53   ] - Util - YourProjectName version: v1.0.0
[17/06/15 22:49:13.562][ INFO][com.util.Util                      -54   ] - Util() end
[17/06/15 22:49:14.808][ INFO][com.bean.ApplicationListenerBean   -16   ] - ContextRefreshedEvent start ###################
[17/06/15 22:49:14.808][ INFO][com.bean.ApplicationListenerBean   -19   ] - ContextRefreshedEvent end ###################
[17/06/15 22:58:19.685][ INFO][com.util.Util                      -49   ] - Util() start
[17/06/15 22:58:19.692][ INFO][com.util.Util                      -53   ] - Util - YourProjectName version: v1.0.0
[17/06/15 22:58:19.692][ INFO][com.util.Util                      -54   ] - Util() end
[17/06/15 22:58:20.730][ INFO][com.bean.ApplicationListenerBean   -16   ] - ContextRefreshedEvent start ###################
[17/06/15 22:58:20.731][ INFO][com.bean.ApplicationListenerBean   -19   ] - ContextRefreshedEvent end ###################
[17/06/15 22:59:20.238][ INFO][com.util.Util                      -49   ] - Util() start
[17/06/15 22:59:20.243][ INFO][com.util.Util                      -53   ] - Util - YourProjectName version: v1.0.0
[17/06/15 22:59:20.243][ INFO][com.util.Util                      -54   ] - Util() end
[17/06/15 22:59:20.971][ INFO][com.bean.ApplicationListenerBean   -16   ] - ContextRefreshedEvent start ###################
[17/06/15 22:59:20.971][ INFO][com.bean.ApplicationListenerBean   -19   ] - ContextRefreshedEvent end ###################
[17/06/15 23:06:46.426][ INFO][com.util.Util                      -49   ] - Util() start
[17/06/15 23:06:46.432][ INFO][com.util.Util                      -53   ] - Util - YourProjectName version: v1.0.0
[17/06/15 23:06:46.433][ INFO][com.util.Util                      -54   ] - Util() end
[17/06/15 23:06:47.068][ INFO][com.bean.ApplicationListenerBean   -16   ] - ContextRefreshedEvent start ###################
[17/06/15 23:06:47.068][ INFO][com.bean.ApplicationListenerBean   -19   ] - ContextRefreshedEvent end ###################
[17/06/16 00:23:52.255][ INFO][com.util.Util                      -49   ] - Util() start
[17/06/16 00:23:52.260][ INFO][com.util.Util                      -53   ] - Util - YourProjectName version: v1.0.0
[17/06/16 00:23:52.261][ INFO][com.util.Util                      -54   ] - Util() end
[17/06/16 00:23:52.937][ INFO][com.bean.ApplicationListenerBean   -16   ] - ContextRefreshedEvent start ###################
[17/06/16 00:23:52.938][ INFO][com.bean.ApplicationListenerBean   -19   ] - ContextRefreshedEvent end ###################
[17/06/16 00:26:55.338][ INFO][com.util.Util                      -49   ] - Util() start
[17/06/16 00:26:55.342][ INFO][com.util.Util                      -53   ] - Util - YourProjectName version: v1.0.0
[17/06/16 00:26:55.342][ INFO][com.util.Util                      -54   ] - Util() end
[17/06/16 00:26:55.891][ INFO][com.bean.ApplicationListenerBean   -16   ] - ContextRefreshedEvent start ###################
[17/06/16 00:26:55.892][ INFO][com.bean.ApplicationListenerBean   -19   ] - ContextRefreshedEvent end ###################
[17/06/16 00:31:22.374][ INFO][com.util.Util                      -49   ] - Util() start
[17/06/16 00:31:22.381][ INFO][com.util.Util                      -53   ] - Util - YourProjectName version: v1.0.0
[17/06/16 00:31:22.381][ INFO][com.util.Util                      -54   ] - Util() end
[17/06/16 00:31:23.497][ INFO][com.bean.ApplicationListenerBean   -16   ] - ContextRefreshedEvent start ###################
[17/06/16 00:31:23.497][ INFO][com.bean.ApplicationListenerBean   -19   ] - ContextRefreshedEvent end ###################
[17/06/16 00:33:58.848][ INFO][com.util.Util                      -49   ] - Util() start
[17/06/16 00:33:58.853][ INFO][com.util.Util                      -53   ] - Util - YourProjectName version: v1.0.0
[17/06/16 00:33:58.854][ INFO][com.util.Util                      -54   ] - Util() end
[17/06/16 00:33:59.458][ INFO][com.bean.ApplicationListenerBean   -16   ] - ContextRefreshedEvent start ###################
[17/06/16 00:33:59.459][ INFO][com.bean.ApplicationListenerBean   -19   ] - ContextRefreshedEvent end ###################
[17/06/16 00:39:01.280][ INFO][com.util.Util                      -49   ] - Util() start
[17/06/16 00:39:01.284][ INFO][com.util.Util                      -53   ] - Util - YourProjectName version: v1.0.0
[17/06/16 00:39:01.284][ INFO][com.util.Util                      -54   ] - Util() end
[17/06/16 00:39:01.980][ INFO][com.bean.ApplicationListenerBean   -16   ] - ContextRefreshedEvent start ###################
[17/06/16 00:39:01.980][ INFO][com.bean.ApplicationListenerBean   -19   ] - ContextRefreshedEvent end ###################
[17/06/16 00:39:44.301][ INFO][com.util.Util                      -49   ] - Util() start
[17/06/16 00:39:44.305][ INFO][com.util.Util                      -53   ] - Util - YourProjectName version: v1.0.0
[17/06/16 00:39:44.305][ INFO][com.util.Util                      -54   ] - Util() end
[17/06/16 00:39:45.049][ INFO][com.bean.ApplicationListenerBean   -16   ] - ContextRefreshedEvent start ###################
[17/06/16 00:39:45.049][ INFO][com.bean.ApplicationListenerBean   -19   ] - ContextRefreshedEvent end ###################
[17/06/16 00:39:45.143][ INFO][com.bean.ApplicationListenerBean   -24   ] - ContextClosedEvent start ###################
[17/06/16 00:39:45.143][ INFO][com.bean.ApplicationListenerBean   -27   ] - ContextClosedEvent end ###################
[17/06/16 00:41:16.326][ INFO][com.util.Util                      -49   ] - Util() start
[17/06/16 00:41:16.331][ INFO][com.util.Util                      -53   ] - Util - YourProjectName version: v1.0.0
[17/06/16 00:41:16.332][ INFO][com.util.Util                      -54   ] - Util() end
[17/06/16 00:41:16.975][ INFO][com.bean.ApplicationListenerBean   -16   ] - ContextRefreshedEvent start ###################
[17/06/16 00:41:16.975][ INFO][com.bean.ApplicationListenerBean   -19   ] - ContextRefreshedEvent end ###################
[17/06/16 00:43:28.348][ INFO][com.util.Util                      -49   ] - Util() start
[17/06/16 00:43:28.353][ INFO][com.util.Util                      -53   ] - Util - YourProjectName version: v1.0.0
[17/06/16 00:43:28.353][ INFO][com.util.Util                      -54   ] - Util() end
[17/06/16 00:43:28.961][ INFO][com.bean.ApplicationListenerBean   -16   ] - ContextRefreshedEvent start ###################
[17/06/16 00:43:28.962][ INFO][com.bean.ApplicationListenerBean   -19   ] - ContextRefreshedEvent end ###################
[17/06/16 00:44:04.643][ INFO][com.util.Util                      -49   ] - Util() start
[17/06/16 00:44:04.647][ INFO][com.util.Util                      -53   ] - Util - YourProjectName version: v1.0.0
[17/06/16 00:44:04.648][ INFO][com.util.Util                      -54   ] - Util() end
[17/06/16 00:44:05.430][ INFO][com.bean.ApplicationListenerBean   -16   ] - ContextRefreshedEvent start ###################
[17/06/16 00:44:05.430][ INFO][com.bean.ApplicationListenerBean   -19   ] - ContextRefreshedEvent end ###################
[17/06/16 00:58:00.236][ INFO][com.util.Util                      -49   ] - Util() start
[17/06/16 00:58:00.242][ INFO][com.util.Util                      -53   ] - Util - YourProjectName version: v1.0.0
[17/06/16 00:58:00.243][ INFO][com.util.Util                      -54   ] - Util() end
[17/06/16 00:58:02.084][ INFO][com.bean.ApplicationListenerBean   -16   ] - ContextRefreshedEvent start ###################
[17/06/16 00:58:02.084][ INFO][com.bean.ApplicationListenerBean   -19   ] - ContextRefreshedEvent end ###################
[17/06/16 01:01:03.606][ INFO][com.util.Util                      -49   ] - Util() start
[17/06/16 01:01:03.611][ INFO][com.util.Util                      -53   ] - Util - YourProjectName version: v1.0.0
[17/06/16 01:01:03.611][ INFO][com.util.Util                      -54   ] - Util() end
[17/06/16 01:01:04.450][ INFO][com.bean.ApplicationListenerBean   -16   ] - ContextRefreshedEvent start ###################
[17/06/16 01:01:04.451][ INFO][com.bean.ApplicationListenerBean   -19   ] - ContextRefreshedEvent end ###################
[17/06/16 01:05:26.644][ INFO][com.util.Util                      -49   ] - Util() start
[17/06/16 01:05:26.649][ INFO][com.util.Util                      -53   ] - Util - YourProjectName version: v1.0.0
[17/06/16 01:05:26.649][ INFO][com.util.Util                      -54   ] - Util() end
[17/06/16 01:05:27.782][ INFO][com.bean.ApplicationListenerBean   -16   ] - ContextRefreshedEvent start ###################
[17/06/16 01:05:27.783][ INFO][com.bean.ApplicationListenerBean   -19   ] - ContextRefreshedEvent end ###################
[17/06/16 01:07:24.864][ INFO][com.util.Util                      -49   ] - Util() start
[17/06/16 01:07:24.871][ INFO][com.util.Util                      -53   ] - Util - YourProjectName version: v1.0.0
[17/06/16 01:07:24.872][ INFO][com.util.Util                      -54   ] - Util() end
[17/06/16 01:07:25.689][ INFO][com.bean.ApplicationListenerBean   -16   ] - ContextRefreshedEvent start ###################
[17/06/16 01:07:25.690][ INFO][com.bean.ApplicationListenerBean   -19   ] - ContextRefreshedEvent end ###################
[17/06/16 01:11:44.144][ INFO][com.util.Util                      -49   ] - Util() start
[17/06/16 01:11:44.148][ INFO][com.util.Util                      -53   ] - Util - YourProjectName version: v1.0.0
[17/06/16 01:11:44.148][ INFO][com.util.Util                      -54   ] - Util() end
[17/06/16 01:11:44.989][ INFO][com.bean.ApplicationListenerBean   -16   ] - ContextRefreshedEvent start ###################
[17/06/16 01:11:44.989][ INFO][com.bean.ApplicationListenerBean   -19   ] - ContextRefreshedEvent end ###################
[17/06/16 01:13:10.760][ INFO][com.util.Util                      -49   ] - Util() start
[17/06/16 01:13:10.763][ INFO][com.util.Util                      -53   ] - Util - YourProjectName version: v1.0.0
[17/06/16 01:13:10.763][ INFO][com.util.Util                      -54   ] - Util() end
[17/06/16 01:13:11.431][ INFO][com.bean.ApplicationListenerBean   -16   ] - ContextRefreshedEvent start ###################
[17/06/16 01:13:11.431][ INFO][com.bean.ApplicationListenerBean   -19   ] - ContextRefreshedEvent end ###################
[17/06/16 01:14:16.121][ INFO][com.util.Util                      -49   ] - Util() start
[17/06/16 01:14:16.125][ INFO][com.util.Util                      -53   ] - Util - YourProjectName version: v1.0.0
[17/06/16 01:14:16.126][ INFO][com.util.Util                      -54   ] - Util() end
[17/06/16 01:14:16.733][ INFO][com.bean.ApplicationListenerBean   -16   ] - ContextRefreshedEvent start ###################
[17/06/16 01:14:16.734][ INFO][com.bean.ApplicationListenerBean   -19   ] - ContextRefreshedEvent end ###################
[17/06/16 01:14:48.043][ INFO][com.util.Util                      -49   ] - Util() start
[17/06/16 01:14:48.047][ INFO][com.util.Util                      -53   ] - Util - YourProjectName version: v1.0.0
[17/06/16 01:14:48.048][ INFO][com.util.Util                      -54   ] - Util() end
[17/06/16 01:14:48.643][ INFO][com.bean.ApplicationListenerBean   -16   ] - ContextRefreshedEvent start ###################
[17/06/16 01:14:48.644][ INFO][com.bean.ApplicationListenerBean   -19   ] - ContextRefreshedEvent end ###################
[17/06/16 01:15:49.219][ INFO][com.util.Util                      -49   ] - Util() start
[17/06/16 01:15:49.223][ INFO][com.util.Util                      -53   ] - Util - YourProjectName version: v1.0.0
[17/06/16 01:15:49.223][ INFO][com.util.Util                      -54   ] - Util() end
[17/06/16 01:15:49.982][ INFO][com.bean.ApplicationListenerBean   -16   ] - ContextRefreshedEvent start ###################
[17/06/16 01:15:49.982][ INFO][com.bean.ApplicationListenerBean   -19   ] - ContextRefreshedEvent end ###################
[17/06/16 01:16:38.420][ INFO][com.util.Util                      -49   ] - Util() start
[17/06/16 01:16:38.424][ INFO][com.util.Util                      -53   ] - Util - YourProjectName version: v1.0.0
[17/06/16 01:16:38.424][ INFO][com.util.Util                      -54   ] - Util() end
[17/06/16 01:16:39.207][ INFO][com.bean.ApplicationListenerBean   -16   ] - ContextRefreshedEvent start ###################
[17/06/16 01:16:39.209][ INFO][com.bean.ApplicationListenerBean   -19   ] - ContextRefreshedEvent end ###################
[17/06/16 01:17:02.765][ INFO][com.util.Util                      -49   ] - Util() start
[17/06/16 01:17:02.775][ INFO][com.util.Util                      -53   ] - Util - YourProjectName version: v1.0.0
[17/06/16 01:17:02.775][ INFO][com.util.Util                      -54   ] - Util() end
[17/06/16 01:17:03.606][ INFO][com.bean.ApplicationListenerBean   -16   ] - ContextRefreshedEvent start ###################
[17/06/16 01:17:03.607][ INFO][com.bean.ApplicationListenerBean   -19   ] - ContextRefreshedEvent end ###################
